<?xml version="1.0" encoding="UTF-8"?>
<testng-results skipped="0" failed="0" ignored="0" total="1" passed="1">
  <reporter-output>
  </reporter-output>
  <suite name="Default suite" duration-ms="4386" started-at="2019-09-03T02:35:16Z" finished-at="2019-09-03T02:35:20Z">
    <groups>
    </groups>
    <test name="Default test" duration-ms="4386" started-at="2019-09-03T02:35:16Z" finished-at="2019-09-03T02:35:20Z">
      <class name="MavenDemo.MavenDemo.MavenDemo">
        <test-method status="PASS" signature="LAUNCHbROWSER()[pri:0, instance:MavenDemo.MavenDemo.MavenDemo@14bf9759]" name="LAUNCHbROWSER" duration-ms="4354" started-at="2019-09-03T08:05:16Z" finished-at="2019-09-03T08:05:20Z">
          <reporter-output>
          </reporter-output>
        </test-method> <!-- LAUNCHbROWSER -->
      </class> <!-- MavenDemo.MavenDemo.MavenDemo -->
    </test> <!-- Default test -->
  </suite> <!-- Default suite -->
</testng-results>
