<?xml version="1.0" encoding="UTF-8"?>
<testng-results skipped="0" failed="0" ignored="0" total="1" passed="1">
  <reporter-output>
  </reporter-output>
  <suite name="Suite" duration-ms="8989" started-at="2019-09-06T03:00:11Z" finished-at="2019-09-06T03:00:20Z">
    <groups>
    </groups>
    <test name="Test" duration-ms="8989" started-at="2019-09-06T03:00:11Z" finished-at="2019-09-06T03:00:20Z">
      <class name="MavenDemo.MavenDemo.MavenDemo">
        <test-method status="PASS" signature="LAUNCHbROWSER()[pri:0, instance:MavenDemo.MavenDemo.MavenDemo@5d624da6]" name="LAUNCHbROWSER" duration-ms="8963" started-at="2019-09-06T08:30:11Z" finished-at="2019-09-06T08:30:20Z">
          <reporter-output>
          </reporter-output>
        </test-method> <!-- LAUNCHbROWSER -->
      </class> <!-- MavenDemo.MavenDemo.MavenDemo -->
    </test> <!-- Test -->
  </suite> <!-- Suite -->
</testng-results>
